<?xml version="1.0" encoding="UTF-8"?>
<!-- Generated by org.testng.reporters.JUnitReportReporter -->
<testsuite skipped="0" hostname="a47172280a77" name="com.newtours.tests.BookFlightTest" tests="12" failures="0" timestamp="27 Jul 2023 21:05:43 GMT" time="29.931" errors="0">
  <testcase name="TC01_RegistrationPageTest" time="5.760" classname="com.newtours.tests.BookFlightTest"/>
  <testcase name="TC01_RegistrationPageTest" time="5.888" classname="com.newtours.tests.BookFlightTest"/>
  <testcase name="TC01_RegistrationPageTest" time="6.387" classname="com.newtours.tests.BookFlightTest"/>
  <testcase name="TC02_RegistrationConfirmationPage" time="0.100" classname="com.newtours.tests.BookFlightTest"/>
  <testcase name="TC02_RegistrationConfirmationPage" time="0.103" classname="com.newtours.tests.BookFlightTest"/>
  <testcase name="TC02_RegistrationConfirmationPage" time="0.109" classname="com.newtours.tests.BookFlightTest"/>
  <testcase name="TC03_FlightDetailsPage" time="3.672" classname="com.newtours.tests.BookFlightTest"/>
  <testcase name="TC03_FlightDetailsPage" time="3.600" classname="com.newtours.tests.BookFlightTest"/>
  <testcase name="TC03_FlightDetailsPage" time="3.564" classname="com.newtours.tests.BookFlightTest"/>
  <testcase name="TC04_printConfirmation" time="0.248" classname="com.newtours.tests.BookFlightTest"/>
  <testcase name="TC04_printConfirmation" time="0.252" classname="com.newtours.tests.BookFlightTest"/>
  <testcase name="TC04_printConfirmation" time="0.248" classname="com.newtours.tests.BookFlightTest"/>
</testsuite> <!-- com.newtours.tests.BookFlightTest -->
