<?xml version="1.0" encoding="UTF-8"?>
<!-- Generated by org.testng.reporters.JUnitReportReporter -->
<testsuite skipped="0" hostname="29e1fcc70046" name="com.newtours.tests.BookFlightTest" tests="12" failures="0" timestamp="27 Jul 2023 06:08:14 GMT" time="117.880" errors="0">
  <testcase name="TC01_RegistrationPageTest" time="29.110" classname="com.newtours.tests.BookFlightTest"/>
  <testcase name="TC01_RegistrationPageTest" time="29.583" classname="com.newtours.tests.BookFlightTest"/>
  <testcase name="TC01_RegistrationPageTest" time="32.537" classname="com.newtours.tests.BookFlightTest"/>
  <testcase name="TC02_RegistrationConfirmationPage" time="0.809" classname="com.newtours.tests.BookFlightTest"/>
  <testcase name="TC02_RegistrationConfirmationPage" time="1.022" classname="com.newtours.tests.BookFlightTest"/>
  <testcase name="TC02_RegistrationConfirmationPage" time="0.731" classname="com.newtours.tests.BookFlightTest"/>
  <testcase name="TC03_FlightDetailsPage" time="6.070" classname="com.newtours.tests.BookFlightTest"/>
  <testcase name="TC03_FlightDetailsPage" time="7.842" classname="com.newtours.tests.BookFlightTest"/>
  <testcase name="TC03_FlightDetailsPage" time="5.963" classname="com.newtours.tests.BookFlightTest"/>
  <testcase name="TC04_printConfirmation" time="2.101" classname="com.newtours.tests.BookFlightTest"/>
  <testcase name="TC04_printConfirmation" time="1.035" classname="com.newtours.tests.BookFlightTest"/>
  <testcase name="TC04_printConfirmation" time="1.077" classname="com.newtours.tests.BookFlightTest"/>
</testsuite> <!-- com.newtours.tests.BookFlightTest -->
