<?xml version="1.0" encoding="UTF-8"?>
<!-- Generated by org.testng.reporters.JUnitReportReporter -->
<testsuite skipped="0" hostname="19d3d070e2c0" name="com.searchmodule.tests.SearchTest" tests="4" failures="0" timestamp="27 Jul 2023 21:06:02 GMT" time="20.976" errors="0">
  <testcase name="TC01_SearchText" time="2.769" classname="com.searchmodule.tests.SearchTest"/>
  <testcase name="TC01_SearchText" time="3.038" classname="com.searchmodule.tests.SearchTest"/>
  <testcase name="TC01_SearchText" time="2.895" classname="com.searchmodule.tests.SearchTest"/>
  <testcase name="TC01_SearchText" time="12.274" classname="com.searchmodule.tests.SearchTest"/>
</testsuite> <!-- com.searchmodule.tests.SearchTest -->
